[debug] [2025-01-05T06:22:11.806Z] ----------------------------------------------------------------------
[debug] [2025-01-05T06:22:11.807Z] Command:       /usr/local/bin/node /Users/jasonooi/.npm-global/bin/firebase init
[debug] [2025-01-05T06:22:11.807Z] CLI Version:   13.29.1
[debug] [2025-01-05T06:22:11.807Z] Platform:      darwin
[debug] [2025-01-05T06:22:11.807Z] Node Version:  v20.17.0
[debug] [2025-01-05T06:22:11.807Z] Time:          Sun Jan 05 2025 14:22:11 GMT+0800 (Malaysia Time)
[debug] [2025-01-05T06:22:11.808Z] ----------------------------------------------------------------------
[debug] 
[debug] [2025-01-05T06:22:11.810Z] > command requires scopes: ["email","openid","https://www.googleapis.com/auth/cloudplatformprojects.readonly","https://www.googleapis.com/auth/firebase","https://www.googleapis.com/auth/cloud-platform"]
[debug] [2025-01-05T06:22:11.811Z] > authorizing via signed-in user (ozm98happy@gmail.com)
[info] 
     ######## #### ########  ######## ########     ###     ######  ########
     ##        ##  ##     ## ##       ##     ##  ##   ##  ##       ##
     ######    ##  ########  ######   ########  #########  ######  ######
     ##        ##  ##    ##  ##       ##     ## ##     ##       ## ##
     ##       #### ##     ## ######## ########  ##     ##  ######  ########

You're about to initialize a Firebase project in this directory:

  /Users/jasonooi/Desktop/webapp/product-management

[info] 
=== Project Setup
[info] 
[info] First, let's associate this project directory with a Firebase project.
[info] You can create multiple project aliases by running firebase use --add, 
[info] but for now we'll just set up a default project.
[info] 
[debug] [2025-01-05T06:22:32.960Z] Checked if tokens are valid: true, expires at: 1736061630520
[debug] [2025-01-05T06:22:32.960Z] Checked if tokens are valid: true, expires at: 1736061630520
[debug] [2025-01-05T06:22:32.963Z] >>> [apiv2][query] GET https://firebase.googleapis.com/v1beta1/projects pageSize=100
[debug] [2025-01-05T06:22:33.786Z] <<< [apiv2][status] GET https://firebase.googleapis.com/v1beta1/projects 200
[debug] [2025-01-05T06:22:33.786Z] <<< [apiv2][body] GET https://firebase.googleapis.com/v1beta1/projects [omitted]
[info] i  Using project bento-99731 (Bento) 
[info] 
=== Hosting Setup
[debug] [2025-01-05T06:22:37.332Z] Checked if tokens are valid: true, expires at: 1736061630520
[debug] [2025-01-05T06:22:37.332Z] Checked if tokens are valid: true, expires at: 1736061630520
[debug] [2025-01-05T06:22:37.332Z] >>> [apiv2][query] GET https://firebase.googleapis.com/v1beta1/projects/bento-99731 [none]
[debug] [2025-01-05T06:22:37.876Z] <<< [apiv2][status] GET https://firebase.googleapis.com/v1beta1/projects/bento-99731 200
[debug] [2025-01-05T06:22:37.877Z] <<< [apiv2][body] GET https://firebase.googleapis.com/v1beta1/projects/bento-99731 {"projectId":"bento-99731","projectNumber":"831450069883","displayName":"Bento","name":"projects/bento-99731","resources":{"hostingSite":"bento-99731"},"state":"ACTIVE","etag":"1_632adde1-66d7-4b2e-823e-62392d0e5194"}
[info] 
[info] Your public directory is the folder (relative to your project directory) that
[info] will contain Hosting assets to be uploaded with firebase deploy. If you
[info] have a build process for your assets, use your build's output directory.
[info] 
[debug] [2025-01-05T06:23:02.116Z] >>> [apiv2][query] GET https://www.gstatic.com/firebasejs/releases.json [none]
[debug] [2025-01-05T06:23:02.195Z] <<< [apiv2][status] GET https://www.gstatic.com/firebasejs/releases.json 200
[debug] [2025-01-05T06:23:02.195Z] <<< [apiv2][body] GET https://www.gstatic.com/firebasejs/releases.json {"current":{"version":"11.1.0","browserURL":"https://www.gstatic.com/firebasejs/11.1.0/firebase.js","packageURL":"https://www.gstatic.com/firebasejs/11.1.0/firebase.tgz"},"live":{"version":"11.1","browserURL":"https://www.gstatic.com/firebasejs/live/11.1/firebase.js","packageURL":"https://www.gstatic.com/firebasejs/live/11.1/firebase.tgz"},"components":{"analytics":"https://www.gstatic.com/firebasejs/11.1.0/firebase-analytics.js","app":"https://www.gstatic.com/firebasejs/11.1.0/firebase-app.js","app-check":"https://www.gstatic.com/firebasejs/11.1.0/firebase-app-check.js","auth":"https://www.gstatic.com/firebasejs/11.1.0/firebase-auth.js","auth/cordova":"https://www.gstatic.com/firebasejs/11.1.0/firebase-auth/cordova.js","auth/web-extension":"https://www.gstatic.com/firebasejs/11.1.0/firebase-auth/web-extension.js","functions":"https://www.gstatic.com/firebasejs/11.1.0/firebase-functions.js","firestore":"https://www.gstatic.com/firebasejs/11.1.0/firebase-firestore.js","firestore/lite":"https://www.gstatic.com/firebasejs/11.1.0/firebase-firestore/lite.js","installations":"https://www.gstatic.com/firebasejs/11.1.0/firebase-installations.js","storage":"https://www.gstatic.com/firebasejs/11.1.0/firebase-storage.js","performance":"https://www.gstatic.com/firebasejs/11.1.0/firebase-performance.js","remote-config":"https://www.gstatic.com/firebasejs/11.1.0/firebase-remote-config.js","messaging":"https://www.gstatic.com/firebasejs/11.1.0/firebase-messaging.js","messaging/sw":"https://www.gstatic.com/firebasejs/11.1.0/firebase-messaging/sw.js","database":"https://www.gstatic.com/firebasejs/11.1.0/firebase-database.js","vertexai":"https://www.gstatic.com/firebasejs/11.1.0/firebase-vertexai.js","data-connect":"https://www.gstatic.com/firebasejs/11.1.0/firebase-data-connect.js","firestore.memory":"https://www.gstatic.com/firebasejs/11.1.0/firebase-firestore.memory.js"}}
[info] ✔  Wrote public/index.html 
[info] 
[info] i  Detected a .git folder at /Users/jasonooi/Desktop/webapp/product-management 
[info] i  Authorizing with GitHub to upload your service account to a GitHub repository's secrets store. 
[info] 
[info] Visit this URL on this device to log in:
[info] https://github.com/login/oauth/authorize?client_id=89cf50f02ac6aaed3484&state=391073703&redirect_uri=http%3A%2F%2Flocalhost%3A9005&scope=read%3Auser%20repo%20public_repo
[info] 
[info] Waiting for authentication...
[debug] [2025-01-05T06:23:31.695Z] >>> [apiv2][query] POST https://github.com/login/oauth/access_token [none]
[debug] [2025-01-05T06:23:31.695Z] >>> [apiv2][body] POST https://github.com/login/oauth/access_token [stream]
[debug] [2025-01-05T06:23:32.147Z] <<< [apiv2][status] POST https://github.com/login/oauth/access_token 200
[debug] [2025-01-05T06:23:32.148Z] <<< [apiv2][body] POST https://github.com/login/oauth/access_token {"access_token":"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","token_type":"bearer","scope":"read:user,repo"}
[debug] [2025-01-05T06:23:32.158Z] >>> [apiv2][query] GET https://api.github.com/user [none]
[debug] [2025-01-05T06:23:32.565Z] <<< [apiv2][status] GET https://api.github.com/user 200
[debug] [2025-01-05T06:23:32.565Z] <<< [apiv2][body] GET https://api.github.com/user {"login":"JasonZm81","id":81252202,"node_id":"MDQ6VXNlcjgxMjUyMjAy","avatar_url":"https://avatars.githubusercontent.com/u/81252202?v=4","gravatar_id":"","url":"https://api.github.com/users/JasonZm81","html_url":"https://github.com/JasonZm81","followers_url":"https://api.github.com/users/JasonZm81/followers","following_url":"https://api.github.com/users/JasonZm81/following{/other_user}","gists_url":"https://api.github.com/users/JasonZm81/gists{/gist_id}","starred_url":"https://api.github.com/users/JasonZm81/starred{/owner}{/repo}","subscriptions_url":"https://api.github.com/users/JasonZm81/subscriptions","organizations_url":"https://api.github.com/users/JasonZm81/orgs","repos_url":"https://api.github.com/users/JasonZm81/repos","events_url":"https://api.github.com/users/JasonZm81/events{/privacy}","received_events_url":"https://api.github.com/users/JasonZm81/received_events","type":"User","user_view_type":"private","site_admin":false,"name":"Jason Ooi","company":null,"blog":"","location":null,"email":null,"hireable":null,"bio":null,"twitter_username":null,"notification_email":null,"public_repos":14,"public_gists":0,"followers":0,"following":0,"created_at":"2021-03-23T16:09:49Z","updated_at":"2025-01-05T06:23:27Z","private_gists":0,"total_private_repos":0,"owned_private_repos":0,"disk_usage":219139,"collaborators":0,"two_factor_authentication":true,"plan":{"name":"free","space":976562499,"collaborators":0,"private_repos":10000}}
[info] 
[info] ✔  Success! Logged into GitHub as JasonZm81 
[info] 
[debug] [2025-01-05T06:23:41.882Z] >>> [apiv2][query] GET https://api.github.com/repos//actions/secrets/public-key type=owner
[debug] [2025-01-05T06:23:42.554Z] <<< [apiv2][status] GET https://api.github.com/repos//actions/secrets/public-key 404
[debug] [2025-01-05T06:23:42.554Z] <<< [apiv2][body] GET https://api.github.com/repos//actions/secrets/public-key {"message":"Not Found","documentation_url":"https://docs.github.com/rest","status":"404"}
[info] 
[info] 
[error] ⚠  The provided authorization cannot be used with this repository. If this repository is in an organization, did you remember to grant access? 
[info] 
[info] i  Action required: Visit this URL to ensure access has been granted to the appropriate organization(s) for the Firebase CLI GitHub OAuth App: 
[info] https://github.com/settings/connections/applications/89cf50f02ac6aaed3484
[info] 
